<?xml version="1.0" encoding="UTF-8"?>
<!-- Generated by org.testng.reporters.JUnitXMLReporter -->
<testsuite ignored="0" hostname="eacdbaabcdecbccfaabacdbefbaaebdcffff-0" failures="0" tests="2" name="Test" time="0.094" errors="0" timestamp="2023-09-06T09:19:05 UTC">
  <testcase classname="ai.iamneo.testing.Testing_Selenium_TestNg.AppTest" name="@BeforeTest beforeTest" time="0.06">
    <failure type="java.lang.IllegalStateException" message="The driver executable must exist: /Users/dharmateja/Downloads/DriversForEclipse/chromedriver">
      <![CDATA[java.lang.IllegalStateException: The driver executable must exist: /Users/dharmateja/Downloads/DriversForEclipse/chromedriver
at org.openqa.selenium.internal.Require$FileStateChecker.isFile(Require.java:315)
at org.openqa.selenium.remote.service.DriverService.checkExecutable(DriverService.java:144)
at org.openqa.selenium.remote.service.DriverService.findExecutable(DriverService.java:139)
at org.openqa.selenium.chrome.ChromeDriverService.access$000(ChromeDriverService.java:38)
at org.openqa.selenium.chrome.ChromeDriverService$Builder.findDefaultExecutable(ChromeDriverService.java:231)
at org.openqa.selenium.remote.service.DriverService$Builder.build(DriverService.java:434)
at org.openqa.selenium.chrome.ChromeDriverService.createDefaultService(ChromeDriverService.java:127)
at org.openqa.selenium.chrome.ChromeDriver.<init>(ChromeDriver.java:46)
at ai.iamneo.testing.Testing_Selenium_TestNg.AppTest.beforeTest(AppTest.java:28)
... Removed 28 stack frames]]>
    </failure>
  </testcase> <!-- @BeforeTest beforeTest -->
  <testcase classname="ai.iamneo.testing.Testing_Selenium_TestNg.AppTest" name="@AfterTest afterTest" time="-1.693991945577E9">
    <skipped/>
  </testcase> <!-- @AfterTest afterTest -->
  <testcase classname="ai.iamneo.testing.Testing_Selenium_TestNg.AppTest" name="testcase_1" time="0.0">
    <skipped/>
  </testcase> <!-- testcase_1 -->
  <testcase classname="ai.iamneo.testing.Testing_Selenium_TestNg.AppTest" name="testcase_2" time="0.0">
    <skipped/>
  </testcase> <!-- testcase_2 -->
</testsuite> <!-- Test -->
